<?xml version="1.0" encoding="UTF-8"?>
<robot generator="Robot 5.0.1 (Python 3.9.13 on darwin)" generated="20230326 21:12:32.333" rpa="false" schemaversion="3">
<suite id="s1" name="Tests" source="/Users/johnnykamigashima/Documents/Automacao/Robot Framework/Lojinha/Tests">
<suite id="s1-s1" name="API" source="/Users/johnnykamigashima/Documents/Automacao/Robot Framework/Lojinha/Tests/API">
<suite id="s1-s1-s1" name="LoginLojinhaAPI" source="/Users/johnnykamigashima/Documents/Automacao/Robot Framework/Lojinha/Tests/API/LoginLojinhaAPI.robot">
<test id="s1-s1-s1-t1" name="Verifica se o Login válido seja bem sucedido" line="10">
<kw name="Create Session" type="SETUP">
<arg>sessao</arg>
<arg>${BaseURI}/${basePath}</arg>
<msg timestamp="20230326 21:12:32.403" level="FAIL">No keyword with name 'Create Session' found.</msg>
<status status="FAIL" starttime="20230326 21:12:32.403" endtime="20230326 21:12:32.404"/>
</kw>
<status status="FAIL" starttime="20230326 21:12:32.401" endtime="20230326 21:12:32.405">Setup failed:
No keyword with name 'Create Session' found.</status>
</test>
<test id="s1-s1-s1-t2" name="Testa Pojo" line="26">
<kw name="Create Session" type="SETUP">
<arg>sessao</arg>
<arg>${BaseURI}/${basePath}</arg>
<msg timestamp="20230326 21:12:32.407" level="FAIL">No keyword with name 'Create Session' found.</msg>
<status status="FAIL" starttime="20230326 21:12:32.407" endtime="20230326 21:12:32.407"/>
</kw>
<status status="FAIL" starttime="20230326 21:12:32.406" endtime="20230326 21:12:32.408">Setup failed:
No keyword with name 'Create Session' found.</status>
</test>
<status status="FAIL" starttime="20230326 21:12:32.349" endtime="20230326 21:12:32.408"/>
</suite>
<suite id="s1-s1-s2" name="UsuariosAPI" source="/Users/johnnykamigashima/Documents/Automacao/Robot Framework/Lojinha/Tests/API/UsuariosAPI.robot">
<test id="s1-s1-s2-t1" name="Cria um usuario novo" line="10">
<kw name="Create Session" type="SETUP">
<arg>sessao</arg>
<arg>${BaseURI}/${basePath}</arg>
<msg timestamp="20230326 21:12:32.419" level="FAIL">No keyword with name 'Create Session' found.</msg>
<status status="FAIL" starttime="20230326 21:12:32.419" endtime="20230326 21:12:32.421"/>
</kw>
<status status="FAIL" starttime="20230326 21:12:32.418" endtime="20230326 21:12:32.422">Setup failed:
No keyword with name 'Create Session' found.</status>
</test>
<status status="FAIL" starttime="20230326 21:12:32.410" endtime="20230326 21:12:32.424"/>
</suite>
<status status="FAIL" starttime="20230326 21:12:32.348" endtime="20230326 21:12:32.425"/>
</suite>
<suite id="s1-s2" name="LoginLojinha" source="/Users/johnnykamigashima/Documents/Automacao/Robot Framework/Lojinha/Tests/LoginLojinha.robot">
<test id="s1-s2-t1" name="CT01 - Login correto na lojinha com usuário e senhas válidos" line="8">
<kw name="Acessa página" library="ResourceLojinhaLogin" type="SETUP">
<kw name="New Browser">
<arg>headless=False</arg>
<msg timestamp="20230326 21:12:32.447" level="FAIL">No keyword with name 'New Browser' found.</msg>
<status status="FAIL" starttime="20230326 21:12:32.447" endtime="20230326 21:12:32.451"/>
</kw>
<kw name="New Page">
<arg>${url}</arg>
<status status="NOT RUN" starttime="20230326 21:12:32.454" endtime="20230326 21:12:32.455"/>
</kw>
<kw name="Get Text">
<arg>${cabecalhoLogin}</arg>
<arg>contains</arg>
<arg>Acessar a Lojinha</arg>
<status status="NOT RUN" starttime="20230326 21:12:32.457" endtime="20230326 21:12:32.457"/>
</kw>
<kw name="Take Screenshot">
<status status="NOT RUN" starttime="20230326 21:12:32.459" endtime="20230326 21:12:32.459"/>
</kw>
<status status="FAIL" starttime="20230326 21:12:32.445" endtime="20230326 21:12:32.460"/>
</kw>
<status status="FAIL" starttime="20230326 21:12:32.444" endtime="20230326 21:12:32.460">Setup failed:
No keyword with name 'New Browser' found.</status>
</test>
<test id="s1-s2-t2" name="CT02 - Login incorreto na lojinha com usuário incorreto" line="14">
<kw name="Acessa página" library="ResourceLojinhaLogin" type="SETUP">
<kw name="New Browser">
<arg>headless=False</arg>
<msg timestamp="20230326 21:12:32.465" level="FAIL">No keyword with name 'New Browser' found.</msg>
<status status="FAIL" starttime="20230326 21:12:32.465" endtime="20230326 21:12:32.466"/>
</kw>
<kw name="New Page">
<arg>${url}</arg>
<status status="NOT RUN" starttime="20230326 21:12:32.468" endtime="20230326 21:12:32.468"/>
</kw>
<kw name="Get Text">
<arg>${cabecalhoLogin}</arg>
<arg>contains</arg>
<arg>Acessar a Lojinha</arg>
<status status="NOT RUN" starttime="20230326 21:12:32.470" endtime="20230326 21:12:32.470"/>
</kw>
<kw name="Take Screenshot">
<status status="NOT RUN" starttime="20230326 21:12:32.471" endtime="20230326 21:12:32.472"/>
</kw>
<status status="FAIL" starttime="20230326 21:12:32.463" endtime="20230326 21:12:32.472"/>
</kw>
<status status="FAIL" starttime="20230326 21:12:32.462" endtime="20230326 21:12:32.472">Setup failed:
No keyword with name 'New Browser' found.</status>
</test>
<test id="s1-s2-t3" name="CT03 - Login incorreto na lojinha com senha incorreta" line="20">
<kw name="Acessa página" library="ResourceLojinhaLogin" type="SETUP">
<kw name="New Browser">
<arg>headless=False</arg>
<msg timestamp="20230326 21:12:32.476" level="FAIL">No keyword with name 'New Browser' found.</msg>
<status status="FAIL" starttime="20230326 21:12:32.476" endtime="20230326 21:12:32.476"/>
</kw>
<kw name="New Page">
<arg>${url}</arg>
<status status="NOT RUN" starttime="20230326 21:12:32.478" endtime="20230326 21:12:32.478"/>
</kw>
<kw name="Get Text">
<arg>${cabecalhoLogin}</arg>
<arg>contains</arg>
<arg>Acessar a Lojinha</arg>
<status status="NOT RUN" starttime="20230326 21:12:32.479" endtime="20230326 21:12:32.480"/>
</kw>
<kw name="Take Screenshot">
<status status="NOT RUN" starttime="20230326 21:12:32.481" endtime="20230326 21:12:32.481"/>
</kw>
<status status="FAIL" starttime="20230326 21:12:32.474" endtime="20230326 21:12:32.481"/>
</kw>
<status status="FAIL" starttime="20230326 21:12:32.473" endtime="20230326 21:12:32.482">Setup failed:
No keyword with name 'New Browser' found.</status>
</test>
<status status="FAIL" starttime="20230326 21:12:32.426" endtime="20230326 21:12:32.483"/>
</suite>
<suite id="s1-s3" name="ProdutosLojinha" source="/Users/johnnykamigashima/Documents/Automacao/Robot Framework/Lojinha/Tests/ProdutosLojinha.robot">
<test id="s1-s3-t1" name="CT01 - Cadastro de Produto com informações válidas" line="9">
<kw name="Login com usuario admin" library="ResourceLojinhaLogin" type="SETUP">
<kw name="Acessa página" library="ResourceLojinhaLogin">
<kw name="New Browser">
<arg>headless=False</arg>
<msg timestamp="20230326 21:12:32.504" level="FAIL">No keyword with name 'New Browser' found.</msg>
<status status="FAIL" starttime="20230326 21:12:32.504" endtime="20230326 21:12:32.505"/>
</kw>
<kw name="New Page">
<arg>${url}</arg>
<status status="NOT RUN" starttime="20230326 21:12:32.506" endtime="20230326 21:12:32.507"/>
</kw>
<kw name="Get Text">
<arg>${cabecalhoLogin}</arg>
<arg>contains</arg>
<arg>Acessar a Lojinha</arg>
<status status="NOT RUN" starttime="20230326 21:12:32.508" endtime="20230326 21:12:32.508"/>
</kw>
<kw name="Take Screenshot">
<status status="NOT RUN" starttime="20230326 21:12:32.510" endtime="20230326 21:12:32.510"/>
</kw>
<status status="FAIL" starttime="20230326 21:12:32.502" endtime="20230326 21:12:32.511"/>
</kw>
<kw name="Preenche usuario &quot;admin&quot;" library="ResourceLojinhaLogin" sourcename="Preenche usuario &quot;${usuario}&quot;">
<status status="NOT RUN" starttime="20230326 21:12:32.511" endtime="20230326 21:12:32.512"/>
</kw>
<kw name="Preenche senha &quot;admin&quot;" library="ResourceLojinhaLogin" sourcename="Preenche senha &quot;${senha}&quot;">
<status status="NOT RUN" starttime="20230326 21:12:32.512" endtime="20230326 21:12:32.512"/>
</kw>
<kw name="Aperta botao ENTRAR" library="ResourceLojinhaLogin">
<status status="NOT RUN" starttime="20230326 21:12:32.512" endtime="20230326 21:12:32.512"/>
</kw>
<status status="FAIL" starttime="20230326 21:12:32.501" endtime="20230326 21:12:32.513"/>
</kw>
<status status="FAIL" starttime="20230326 21:12:32.500" endtime="20230326 21:12:32.513">Setup failed:
No keyword with name 'New Browser' found.</status>
</test>
<test id="s1-s3-t2" name="CT02 - Cadastro de Produto com valor 0" line="17">
<kw name="Login com usuario admin" library="ResourceLojinhaLogin" type="SETUP">
<kw name="Acessa página" library="ResourceLojinhaLogin">
<kw name="New Browser">
<arg>headless=False</arg>
<msg timestamp="20230326 21:12:32.518" level="FAIL">No keyword with name 'New Browser' found.</msg>
<status status="FAIL" starttime="20230326 21:12:32.517" endtime="20230326 21:12:32.518"/>
</kw>
<kw name="New Page">
<arg>${url}</arg>
<status status="NOT RUN" starttime="20230326 21:12:32.519" endtime="20230326 21:12:32.519"/>
</kw>
<kw name="Get Text">
<arg>${cabecalhoLogin}</arg>
<arg>contains</arg>
<arg>Acessar a Lojinha</arg>
<status status="NOT RUN" starttime="20230326 21:12:32.520" endtime="20230326 21:12:32.521"/>
</kw>
<kw name="Take Screenshot">
<status status="NOT RUN" starttime="20230326 21:12:32.522" endtime="20230326 21:12:32.522"/>
</kw>
<status status="FAIL" starttime="20230326 21:12:32.515" endtime="20230326 21:12:32.522"/>
</kw>
<kw name="Preenche usuario &quot;admin&quot;" library="ResourceLojinhaLogin" sourcename="Preenche usuario &quot;${usuario}&quot;">
<status status="NOT RUN" starttime="20230326 21:12:32.523" endtime="20230326 21:12:32.523"/>
</kw>
<kw name="Preenche senha &quot;admin&quot;" library="ResourceLojinhaLogin" sourcename="Preenche senha &quot;${senha}&quot;">
<status status="NOT RUN" starttime="20230326 21:12:32.523" endtime="20230326 21:12:32.523"/>
</kw>
<kw name="Aperta botao ENTRAR" library="ResourceLojinhaLogin">
<status status="NOT RUN" starttime="20230326 21:12:32.523" endtime="20230326 21:12:32.523"/>
</kw>
<status status="FAIL" starttime="20230326 21:12:32.515" endtime="20230326 21:12:32.523"/>
</kw>
<status status="FAIL" starttime="20230326 21:12:32.514" endtime="20230326 21:12:32.524">Setup failed:
No keyword with name 'New Browser' found.</status>
</test>
<test id="s1-s3-t3" name="CT03 - Cadastro de Produto com valor 7001" line="25">
<kw name="Login com usuario admin" library="ResourceLojinhaLogin" type="SETUP">
<kw name="Acessa página" library="ResourceLojinhaLogin">
<kw name="New Browser">
<arg>headless=False</arg>
<msg timestamp="20230326 21:12:32.529" level="FAIL">No keyword with name 'New Browser' found.</msg>
<status status="FAIL" starttime="20230326 21:12:32.528" endtime="20230326 21:12:32.529"/>
</kw>
<kw name="New Page">
<arg>${url}</arg>
<status status="NOT RUN" starttime="20230326 21:12:32.531" endtime="20230326 21:12:32.532"/>
</kw>
<kw name="Get Text">
<arg>${cabecalhoLogin}</arg>
<arg>contains</arg>
<arg>Acessar a Lojinha</arg>
<status status="NOT RUN" starttime="20230326 21:12:32.533" endtime="20230326 21:12:32.534"/>
</kw>
<kw name="Take Screenshot">
<status status="NOT RUN" starttime="20230326 21:12:32.536" endtime="20230326 21:12:32.536"/>
</kw>
<status status="FAIL" starttime="20230326 21:12:32.526" endtime="20230326 21:12:32.537"/>
</kw>
<kw name="Preenche usuario &quot;admin&quot;" library="ResourceLojinhaLogin" sourcename="Preenche usuario &quot;${usuario}&quot;">
<status status="NOT RUN" starttime="20230326 21:12:32.537" endtime="20230326 21:12:32.537"/>
</kw>
<kw name="Preenche senha &quot;admin&quot;" library="ResourceLojinhaLogin" sourcename="Preenche senha &quot;${senha}&quot;">
<status status="NOT RUN" starttime="20230326 21:12:32.538" endtime="20230326 21:12:32.538"/>
</kw>
<kw name="Aperta botao ENTRAR" library="ResourceLojinhaLogin">
<status status="NOT RUN" starttime="20230326 21:12:32.538" endtime="20230326 21:12:32.538"/>
</kw>
<status status="FAIL" starttime="20230326 21:12:32.526" endtime="20230326 21:12:32.538"/>
</kw>
<status status="FAIL" starttime="20230326 21:12:32.525" endtime="20230326 21:12:32.539">Setup failed:
No keyword with name 'New Browser' found.</status>
</test>
<status status="FAIL" starttime="20230326 21:12:32.484" endtime="20230326 21:12:32.540"/>
</suite>
<status status="FAIL" starttime="20230326 21:12:32.335" endtime="20230326 21:12:32.541"/>
</suite>
<statistics>
<total>
<stat pass="0" fail="9" skip="0">All Tests</stat>
</total>
<tag>
</tag>
<suite>
<stat pass="0" fail="9" skip="0" id="s1" name="Tests">Tests</stat>
<stat pass="0" fail="3" skip="0" id="s1-s1" name="API">Tests.API</stat>
<stat pass="0" fail="2" skip="0" id="s1-s1-s1" name="LoginLojinhaAPI">Tests.API.LoginLojinhaAPI</stat>
<stat pass="0" fail="1" skip="0" id="s1-s1-s2" name="UsuariosAPI">Tests.API.UsuariosAPI</stat>
<stat pass="0" fail="3" skip="0" id="s1-s2" name="LoginLojinha">Tests.LoginLojinha</stat>
<stat pass="0" fail="3" skip="0" id="s1-s3" name="ProdutosLojinha">Tests.ProdutosLojinha</stat>
</suite>
</statistics>
<errors>
<msg timestamp="20230326 21:12:32.352" level="ERROR">Error in file '/Users/johnnykamigashima/Documents/Automacao/Robot Framework/Lojinha/Tests/API/LoginLojinhaAPI.robot' on line 2: Importing library 'RequestsLibrary' failed: ModuleNotFoundError: No module named 'RequestsLibrary'
Traceback (most recent call last):
  None
PYTHONPATH:
  /Users/johnnykamigashima/.vscode/extensions/robocorp.robotframework-lsp-1.9.0/src/robotframework_debug_adapter
  /Users/johnnykamigashima/Documents/Automacao/Robot Framework/Lojinha
  /Users/johnnykamigashima/.vscode/extensions/robocorp.robotframework-lsp-1.9.0/src
  /Users/johnnykamigashima/.vscode/extensions/robocorp.robotframework-lsp-1.9.0/src/robotframework_ls/vendored
  /Users/Shared/robocorp/ht/cab1b28_b1f3c24_c597ca71/lib/python39.zip
  /Users/Shared/robocorp/ht/cab1b28_b1f3c24_c597ca71/lib/python3.9
  /Users/Shared/robocorp/ht/cab1b28_b1f3c24_c597ca71/lib/python3.9/lib-dynload
  /Users/Shared/robocorp/ht/cab1b28_b1f3c24_c597ca71/lib/python3.9/site-packages</msg>
<msg timestamp="20230326 21:12:32.354" level="ERROR">Error in file '/Users/johnnykamigashima/Documents/Automacao/Robot Framework/Lojinha/Tests/API/LoginLojinhaAPI.robot' on line 3: Importing library 'FakerLibrary' failed: ModuleNotFoundError: No module named 'FakerLibrary'
Traceback (most recent call last):
  None
PYTHONPATH:
  /Users/johnnykamigashima/.vscode/extensions/robocorp.robotframework-lsp-1.9.0/src/robotframework_debug_adapter
  /Users/johnnykamigashima/Documents/Automacao/Robot Framework/Lojinha
  /Users/johnnykamigashima/.vscode/extensions/robocorp.robotframework-lsp-1.9.0/src
  /Users/johnnykamigashima/.vscode/extensions/robocorp.robotframework-lsp-1.9.0/src/robotframework_ls/vendored
  /Users/Shared/robocorp/ht/cab1b28_b1f3c24_c597ca71/lib/python39.zip
  /Users/Shared/robocorp/ht/cab1b28_b1f3c24_c597ca71/lib/python3.9
  /Users/Shared/robocorp/ht/cab1b28_b1f3c24_c597ca71/lib/python3.9/lib-dynload
  /Users/Shared/robocorp/ht/cab1b28_b1f3c24_c597ca71/lib/python3.9/site-packages</msg>
<msg timestamp="20230326 21:12:32.414" level="ERROR">Error in file '/Users/johnnykamigashima/Documents/Automacao/Robot Framework/Lojinha/Tests/API/UsuariosAPI.robot' on line 2: Importing library 'RequestsLibrary' failed: ModuleNotFoundError: No module named 'RequestsLibrary'
Traceback (most recent call last):
  None
PYTHONPATH:
  /Users/johnnykamigashima/.vscode/extensions/robocorp.robotframework-lsp-1.9.0/src/robotframework_debug_adapter
  /Users/johnnykamigashima/Documents/Automacao/Robot Framework/Lojinha
  /Users/johnnykamigashima/.vscode/extensions/robocorp.robotframework-lsp-1.9.0/src
  /Users/johnnykamigashima/.vscode/extensions/robocorp.robotframework-lsp-1.9.0/src/robotframework_ls/vendored
  /Users/Shared/robocorp/ht/cab1b28_b1f3c24_c597ca71/lib/python39.zip
  /Users/Shared/robocorp/ht/cab1b28_b1f3c24_c597ca71/lib/python3.9
  /Users/Shared/robocorp/ht/cab1b28_b1f3c24_c597ca71/lib/python3.9/lib-dynload
  /Users/Shared/robocorp/ht/cab1b28_b1f3c24_c597ca71/lib/python3.9/site-packages</msg>
<msg timestamp="20230326 21:12:32.416" level="ERROR">Error in file '/Users/johnnykamigashima/Documents/Automacao/Robot Framework/Lojinha/Tests/API/UsuariosAPI.robot' on line 3: Importing library 'FakerLibrary' failed: ModuleNotFoundError: No module named 'FakerLibrary'
Traceback (most recent call last):
  None
PYTHONPATH:
  /Users/johnnykamigashima/.vscode/extensions/robocorp.robotframework-lsp-1.9.0/src/robotframework_debug_adapter
  /Users/johnnykamigashima/Documents/Automacao/Robot Framework/Lojinha
  /Users/johnnykamigashima/.vscode/extensions/robocorp.robotframework-lsp-1.9.0/src
  /Users/johnnykamigashima/.vscode/extensions/robocorp.robotframework-lsp-1.9.0/src/robotframework_ls/vendored
  /Users/Shared/robocorp/ht/cab1b28_b1f3c24_c597ca71/lib/python39.zip
  /Users/Shared/robocorp/ht/cab1b28_b1f3c24_c597ca71/lib/python3.9
  /Users/Shared/robocorp/ht/cab1b28_b1f3c24_c597ca71/lib/python3.9/lib-dynload
  /Users/Shared/robocorp/ht/cab1b28_b1f3c24_c597ca71/lib/python3.9/site-packages</msg>
<msg timestamp="20230326 21:12:32.434" level="ERROR">Error in file '/Users/johnnykamigashima/Documents/Automacao/Robot Framework/Lojinha/Resources/ResourceLojinhaLogin.robot' on line 2: Importing library 'Browser' failed: ModuleNotFoundError: No module named 'Browser'
Traceback (most recent call last):
  None
PYTHONPATH:
  /Users/johnnykamigashima/.vscode/extensions/robocorp.robotframework-lsp-1.9.0/src/robotframework_debug_adapter
  /Users/johnnykamigashima/Documents/Automacao/Robot Framework/Lojinha
  /Users/johnnykamigashima/.vscode/extensions/robocorp.robotframework-lsp-1.9.0/src
  /Users/johnnykamigashima/.vscode/extensions/robocorp.robotframework-lsp-1.9.0/src/robotframework_ls/vendored
  /Users/Shared/robocorp/ht/cab1b28_b1f3c24_c597ca71/lib/python39.zip
  /Users/Shared/robocorp/ht/cab1b28_b1f3c24_c597ca71/lib/python3.9
  /Users/Shared/robocorp/ht/cab1b28_b1f3c24_c597ca71/lib/python3.9/lib-dynload
  /Users/Shared/robocorp/ht/cab1b28_b1f3c24_c597ca71/lib/python3.9/site-packages</msg>
<msg timestamp="20230326 21:12:32.443" level="ERROR">Error in file '/Users/johnnykamigashima/Documents/Automacao/Robot Framework/Lojinha/Resources/ResourceLojinhaProdutos.robot' on line 2: Importing library 'Browser' failed: ModuleNotFoundError: No module named 'Browser'
Traceback (most recent call last):
  None
PYTHONPATH:
  /Users/johnnykamigashima/.vscode/extensions/robocorp.robotframework-lsp-1.9.0/src/robotframework_debug_adapter
  /Users/johnnykamigashima/Documents/Automacao/Robot Framework/Lojinha
  /Users/johnnykamigashima/.vscode/extensions/robocorp.robotframework-lsp-1.9.0/src
  /Users/johnnykamigashima/.vscode/extensions/robocorp.robotframework-lsp-1.9.0/src/robotframework_ls/vendored
  /Users/Shared/robocorp/ht/cab1b28_b1f3c24_c597ca71/lib/python39.zip
  /Users/Shared/robocorp/ht/cab1b28_b1f3c24_c597ca71/lib/python3.9
  /Users/Shared/robocorp/ht/cab1b28_b1f3c24_c597ca71/lib/python3.9/lib-dynload
  /Users/Shared/robocorp/ht/cab1b28_b1f3c24_c597ca71/lib/python3.9/site-packages</msg>
<msg timestamp="20230326 21:12:32.490" level="ERROR">Error in file '/Users/johnnykamigashima/Documents/Automacao/Robot Framework/Lojinha/Resources/ResourceLojinhaAdicaoDeProdutos.robot' on line 2: Importing library 'Browser' failed: ModuleNotFoundError: No module named 'Browser'
Traceback (most recent call last):
  None
PYTHONPATH:
  /Users/johnnykamigashima/.vscode/extensions/robocorp.robotframework-lsp-1.9.0/src/robotframework_debug_adapter
  /Users/johnnykamigashima/Documents/Automacao/Robot Framework/Lojinha
  /Users/johnnykamigashima/.vscode/extensions/robocorp.robotframework-lsp-1.9.0/src
  /Users/johnnykamigashima/.vscode/extensions/robocorp.robotframework-lsp-1.9.0/src/robotframework_ls/vendored
  /Users/Shared/robocorp/ht/cab1b28_b1f3c24_c597ca71/lib/python39.zip
  /Users/Shared/robocorp/ht/cab1b28_b1f3c24_c597ca71/lib/python3.9
  /Users/Shared/robocorp/ht/cab1b28_b1f3c24_c597ca71/lib/python3.9/lib-dynload
  /Users/Shared/robocorp/ht/cab1b28_b1f3c24_c597ca71/lib/python3.9/site-packages</msg>
<msg timestamp="20230326 21:12:32.492" level="ERROR">Error in file '/Users/johnnykamigashima/Documents/Automacao/Robot Framework/Lojinha/Resources/ResourceLojinhaProdutos.robot' on line 2: Importing library 'Browser' failed: ModuleNotFoundError: No module named 'Browser'
Traceback (most recent call last):
  None
PYTHONPATH:
  /Users/johnnykamigashima/.vscode/extensions/robocorp.robotframework-lsp-1.9.0/src/robotframework_debug_adapter
  /Users/johnnykamigashima/Documents/Automacao/Robot Framework/Lojinha
  /Users/johnnykamigashima/.vscode/extensions/robocorp.robotframework-lsp-1.9.0/src
  /Users/johnnykamigashima/.vscode/extensions/robocorp.robotframework-lsp-1.9.0/src/robotframework_ls/vendored
  /Users/Shared/robocorp/ht/cab1b28_b1f3c24_c597ca71/lib/python39.zip
  /Users/Shared/robocorp/ht/cab1b28_b1f3c24_c597ca71/lib/python3.9
  /Users/Shared/robocorp/ht/cab1b28_b1f3c24_c597ca71/lib/python3.9/lib-dynload
  /Users/Shared/robocorp/ht/cab1b28_b1f3c24_c597ca71/lib/python3.9/site-packages</msg>
<msg timestamp="20230326 21:12:32.497" level="ERROR">Error in file '/Users/johnnykamigashima/Documents/Automacao/Robot Framework/Lojinha/Resources/ResourceLojinhaLogin.robot' on line 2: Importing library 'Browser' failed: ModuleNotFoundError: No module named 'Browser'
Traceback (most recent call last):
  None
PYTHONPATH:
  /Users/johnnykamigashima/.vscode/extensions/robocorp.robotframework-lsp-1.9.0/src/robotframework_debug_adapter
  /Users/johnnykamigashima/Documents/Automacao/Robot Framework/Lojinha
  /Users/johnnykamigashima/.vscode/extensions/robocorp.robotframework-lsp-1.9.0/src
  /Users/johnnykamigashima/.vscode/extensions/robocorp.robotframework-lsp-1.9.0/src/robotframework_ls/vendored
  /Users/Shared/robocorp/ht/cab1b28_b1f3c24_c597ca71/lib/python39.zip
  /Users/Shared/robocorp/ht/cab1b28_b1f3c24_c597ca71/lib/python3.9
  /Users/Shared/robocorp/ht/cab1b28_b1f3c24_c597ca71/lib/python3.9/lib-dynload
  /Users/Shared/robocorp/ht/cab1b28_b1f3c24_c597ca71/lib/python3.9/site-packages</msg>
</errors>
</robot>
